# JRE version: OpenJDK Runtime Environment (8.0_312-b07) (build 1.8.0_312-b07)
# Java VM: OpenJDK 64-Bit Server VM (25.312-b07 mixed mode windows-amd64 compressed oops)
Heap:
 PSYoungGen      total 159232K, used 130915K [0x00000000f5580000, 0x0000000100000000, 0x0000000100000000)
  eden space 146944K, 80% used [0x00000000f5580000,0x00000000fc959088,0x00000000fe500000)
  from space 12288K, 99% used [0x00000000fe500000,0x00000000ff0ffec0,0x00000000ff100000)
  to   space 14848K, 0% used [0x00000000ff180000,0x00000000ff180000,0x0000000100000000)
 ParOldGen       total 175104K, used 20341K [0x00000000e0000000, 0x00000000eab00000, 0x00000000f5580000)
  object space 175104K, 11% used [0x00000000e0000000,0x00000000e13dd688,0x00000000eab00000)
 Metaspace       used 54036K, capacity 56642K, committed 56664K, reserved 1097728K
  class space    used 7462K, capacity 8053K, committed 8064K, reserved 1048576K
GC Heap History (10 events):
Event: 20.526 GC heap before
{Heap before GC invocations=7 (full 1):
 PSYoungGen      total 76288K, used 72627K [0x00000000f5580000, 0x00000000fcc80000, 0x0000000100000000)
  eden space 65536K, 100% used [0x00000000f5580000,0x00000000f9580000,0x00000000f9580000)
  from space 10752K, 65% used [0x00000000f9580000,0x00000000f9c6cd80,0x00000000fa000000)
  to   space 11776K, 0% used [0x00000000fc100000,0x00000000fc100000,0x00000000fcc80000)
 ParOldGen       total 175104K, used 8795K [0x00000000e0000000, 0x00000000eab00000, 0x00000000f5580000)
  object space 175104K, 5% used [0x00000000e0000000,0x00000000e0896f68,0x00000000eab00000)
 Metaspace       used 32383K, capacity 33588K, committed 33664K, reserved 1077248K
  class space    used 4608K, capacity 4919K, committed 4992K, reserved 1048576K
Event: 20.547 GC heap after
Heap after GC invocations=7 (full 1):
 PSYoungGen      total 104960K, used 10382K [0x00000000f5580000, 0x00000000fcb80000, 0x0000000100000000)
  eden space 94208K, 0% used [0x00000000f5580000,0x00000000f5580000,0x00000000fb180000)
  from space 10752K, 96% used [0x00000000fc100000,0x00000000fcb239a0,0x00000000fcb80000)
  to   space 12288K, 0% used [0x00000000fb380000,0x00000000fb380000,0x00000000fbf80000)
 ParOldGen       total 175104K, used 8803K [0x00000000e0000000, 0x00000000eab00000, 0x00000000f5580000)
  object space 175104K, 5% used [0x00000000e0000000,0x00000000e0898f68,0x00000000eab00000)
 Metaspace       used 32383K, capacity 33588K, committed 33664K, reserved 1077248K
  class space    used 4608K, capacity 4919K, committed 4992K, reserved 1048576K
}
Event: 20.961 GC heap before
{Heap before GC invocations=8 (full 1):
 PSYoungGen      total 104960K, used 35703K [0x00000000f5580000, 0x00000000fcb80000, 0x0000000100000000)
  eden space 94208K, 26% used [0x00000000f5580000,0x00000000f6e3a388,0x00000000fb180000)
  from space 10752K, 96% used [0x00000000fc100000,0x00000000fcb239a0,0x00000000fcb80000)
  to   space 12288K, 0% used [0x00000000fb380000,0x00000000fb380000,0x00000000fbf80000)
 ParOldGen       total 175104K, used 8803K [0x00000000e0000000, 0x00000000eab00000, 0x00000000f5580000)
  object space 175104K, 5% used [0x00000000e0000000,0x00000000e0898f68,0x00000000eab00000)
 Metaspace       used 33991K, capacity 35302K, committed 35416K, reserved 1079296K
  class space    used 4829K, capacity 5168K, committed 5248K, reserved 1048576K
Event: 20.973 GC heap after
Heap after GC invocations=8 (full 1):
 PSYoungGen      total 108544K, used 9603K [0x00000000f5580000, 0x00000000ffd00000, 0x0000000100000000)
  eden space 96256K, 0% used [0x00000000f5580000,0x00000000f5580000,0x00000000fb380000)
  from space 12288K, 78% used [0x00000000fb380000,0x00000000fbce0e30,0x00000000fbf80000)
  to   space 12288K, 0% used [0x00000000ff100000,0x00000000ff100000,0x00000000ffd00000)
 ParOldGen       total 175104K, used 8811K [0x00000000e0000000, 0x00000000eab00000, 0x00000000f5580000)
  object space 175104K, 5% used [0x00000000e0000000,0x00000000e089af68,0x00000000eab00000)
 Metaspace       used 33991K, capacity 35302K, committed 35416K, reserved 1079296K
  class space    used 4829K, capacity 5168K, committed 5248K, reserved 1048576K
}
Event: 20.973 GC heap before
{Heap before GC invocations=9 (full 2):
 PSYoungGen      total 108544K, used 9603K [0x00000000f5580000, 0x00000000ffd00000, 0x0000000100000000)
  eden space 96256K, 0% used [0x00000000f5580000,0x00000000f5580000,0x00000000fb380000)
  from space 12288K, 78% used [0x00000000fb380000,0x00000000fbce0e30,0x00000000fbf80000)
  to   space 12288K, 0% used [0x00000000ff100000,0x00000000ff100000,0x00000000ffd00000)
 ParOldGen       total 175104K, used 8811K [0x00000000e0000000, 0x00000000eab00000, 0x00000000f5580000)
  object space 175104K, 5% used [0x00000000e0000000,0x00000000e089af68,0x00000000eab00000)
 Metaspace       used 33991K, capacity 35302K, committed 35416K, reserved 1079296K
  class space    used 4829K, capacity 5168K, committed 5248K, reserved 1048576K
Event: 21.053 GC heap after
Heap after GC invocations=9 (full 2):
 PSYoungGen      total 108544K, used 0K [0x00000000f5580000, 0x00000000ffd00000, 0x0000000100000000)
  eden space 96256K, 0% used [0x00000000f5580000,0x00000000f5580000,0x00000000fb380000)
  from space 12288K, 0% used [0x00000000fb380000,0x00000000fb380000,0x00000000fbf80000)
  to   space 12288K, 0% used [0x00000000ff100000,0x00000000ff100000,0x00000000ffd00000)
 ParOldGen       total 175104K, used 16378K [0x00000000e0000000, 0x00000000eab00000, 0x00000000f5580000)
  object space 175104K, 9% used [0x00000000e0000000,0x00000000e0ffebd8,0x00000000eab00000)
 Metaspace       used 33991K, capacity 35302K, committed 35416K, reserved 1079296K
  class space    used 4829K, capacity 5168K, committed 5248K, reserved 1048576K
}
Event: 22.670 GC heap before
{Heap before GC invocations=10 (full 2):
 PSYoungGen      total 108544K, used 96256K [0x00000000f5580000, 0x00000000ffd00000, 0x0000000100000000)
  eden space 96256K, 100% used [0x00000000f5580000,0x00000000fb380000,0x00000000fb380000)
  from space 12288K, 0% used [0x00000000fb380000,0x00000000fb380000,0x00000000fbf80000)
  to   space 12288K, 0% used [0x00000000ff100000,0x00000000ff100000,0x00000000ffd00000)
 ParOldGen       total 175104K, used 16378K [0x00000000e0000000, 0x00000000eab00000, 0x00000000f5580000)
  object space 175104K, 9% used [0x00000000e0000000,0x00000000e0ffebd8,0x00000000eab00000)
 Metaspace       used 38359K, capacity 40112K, committed 40408K, reserved 1083392K
  class space    used 5413K, capacity 5826K, committed 5888K, reserved 1048576K
Event: 22.694 GC heap after
Heap after GC invocations=10 (full 2):
 PSYoungGen      total 159232K, used 7358K [0x00000000f5580000, 0x0000000100000000, 0x0000000100000000)
  eden space 146944K, 0% used [0x00000000f5580000,0x00000000f5580000,0x00000000fe500000)
  from space 12288K, 59% used [0x00000000ff100000,0x00000000ff82fa90,0x00000000ffd00000)
  to   space 12288K, 0% used [0x00000000fe500000,0x00000000fe500000,0x00000000ff100000)
 ParOldGen       total 175104K, used 16386K [0x00000000e0000000, 0x00000000eab00000, 0x00000000f5580000)
  object space 175104K, 9% used [0x00000000e0000000,0x00000000e1000bd8,0x00000000eab00000)
 Metaspace       used 38359K, capacity 40112K, committed 40408K, reserved 1083392K
  class space    used 5413K, capacity 5826K, committed 5888K, reserved 1048576K
}
Event: 25.817 GC heap before
{Heap before GC invocations=11 (full 2):
 PSYoungGen      total 159232K, used 154302K [0x00000000f5580000, 0x0000000100000000, 0x0000000100000000)
  eden space 146944K, 100% used [0x00000000f5580000,0x00000000fe500000,0x00000000fe500000)
  from space 12288K, 59% used [0x00000000ff100000,0x00000000ff82fa90,0x00000000ffd00000)
  to   space 12288K, 0% used [0x00000000fe500000,0x00000000fe500000,0x00000000ff100000)
 ParOldGen       total 175104K, used 16386K [0x00000000e0000000, 0x00000000eab00000, 0x00000000f5580000)
  object space 175104K, 9% used [0x00000000e0000000,0x00000000e1000bd8,0x00000000eab00000)
 Metaspace       used 48580K, capacity 51006K, committed 51288K, reserved 1093632K
  class space    used 6730K, capacity 7255K, committed 7296K, reserved 1048576K
Event: 25.843 GC heap after
Heap after GC invocations=11 (full 2):
 PSYoungGen      total 159232K, used 12287K [0x00000000f5580000, 0x0000000100000000, 0x0000000100000000)
  eden space 146944K, 0% used [0x00000000f5580000,0x00000000f5580000,0x00000000fe500000)
  from space 12288K, 99% used [0x00000000fe500000,0x00000000ff0ffec0,0x00000000ff100000)
  to   space 14848K, 0% used [0x00000000ff180000,0x00000000ff180000,0x0000000100000000)
 ParOldGen       total 175104K, used 20341K [0x00000000e0000000, 0x00000000eab00000, 0x00000000f5580000)
  object space 175104K, 11% used [0x00000000e0000000,0x00000000e13dd688,0x00000000eab00000)
 Metaspace       used 48580K, capacity 51006K, committed 51288K, reserved 1093632K
  class space    used 6730K, capacity 7255K, committed 7296K, reserved 1048576K
}

